<?xml version="1.0" encoding="UTF-8"?>
<!-- Generated by org.testng.reporters.JUnitReportReporter -->
<testsuite hostname="DESKTOP-UPU31HJ" failures="0" tests="1" name="com.test.SearchProductTest" time="20.646" errors="0" timestamp="2021-12-15T10:03:53 IST" skipped="0">
  <testcase classname="com.test.SearchProductTest" name="User_Scenario_2" time="20.646"/>
  <system-out/>
</testsuite> <!-- com.test.SearchProductTest -->
